<?xml version="1.0" encoding="UTF-8"?>
<!-- Generated by org.testng.reporters.JUnitReportReporter -->
<testsuite skipped="0" hostname="Navdeep-Laptop" name="com.Testcases.LoginTest" tests="2" failures="0" timestamp="28 Jul 2020 05:43:06 GMT" time="10.511" errors="0">
  <testcase name="checktitle" time="0.041" classname="com.Testcases.LoginTest"/>
  <testcase name="Login_Details" time="10.470" classname="com.Testcases.LoginTest"/>
</testsuite> <!-- com.Testcases.LoginTest -->
