<?xml version="1.0" encoding="UTF-8"?>
<!-- Generated by org.testng.reporters.JUnitReportReporter -->
<testsuite skipped="0" hostname="Navdeep-Laptop" name="com.Testcases.LoginTest" tests="2" failures="0" timestamp="28 Jul 2020 05:50:56 GMT" time="8.922" errors="0">
  <testcase name="Login_Details" time="8.910" classname="com.Testcases.LoginTest"/>
  <testcase name="checktitle" time="0.012" classname="com.Testcases.LoginTest"/>
</testsuite> <!-- com.Testcases.LoginTest -->
