<?xml version="1.0" encoding="UTF-8"?>
<!-- Generated by org.testng.reporters.JUnitReportReporter -->
<testsuite skipped="0" hostname="Navdeep-Laptop" name="com.Testcases.HomeTest" tests="1" failures="0" timestamp="28 Jul 2020 05:50:56 GMT" time="1.434" errors="0">
  <testcase name="Logou" time="1.434" classname="com.Testcases.HomeTest"/>
</testsuite> <!-- com.Testcases.HomeTest -->
